[debug] [2019-05-24T20:46:05.599Z] ----------------------------------------------------------------------
[debug] [2019-05-24T20:46:05.602Z] Command:       C:\Program Files\nodejs\node.exe C:\Users\mdaybar\AppData\Roaming\npm\node_modules\firebase-tools\lib\bin\firebase.js login
[debug] [2019-05-24T20:46:05.602Z] CLI Version:   6.10.0
[debug] [2019-05-24T20:46:05.602Z] Platform:      win32
[debug] [2019-05-24T20:46:05.602Z] Node Version:  v10.13.0
[debug] [2019-05-24T20:46:05.605Z] Time:          Fri May 24 2019 16:46:05 GMT-0400 (Bolivia Time)
[debug] [2019-05-24T20:46:05.606Z] ----------------------------------------------------------------------
[debug] 
[info] 
[info] Visit this URL on any device to log in:
[info] https://accounts.google.com/o/oauth2/auth?client_id=563584335869-fgrhgmd47bqnekij5i8b5pr03ho849e6.apps.googleusercontent.com&scope=email%20openid%20https%3A%2F%2Fwww.googleapis.com%2Fauth%2Fcloudplatformprojects.readonly%20https%3A%2F%2Fwww.googleapis.com%2Fauth%2Ffirebase%20https%3A%2F%2Fwww.googleapis.com%2Fauth%2Fcloud-platform&response_type=code&state=53012516&redirect_uri=http%3A%2F%2Flocalhost%3A9005
[info] 
[info] Waiting for authentication...
[debug] [2019-05-24T20:46:24.323Z] >>> HTTP REQUEST POST https://accounts.google.com/o/oauth2/token  

[debug] [2019-05-24T20:46:26.590Z] Token Fetch Error: Error
    at new FirebaseError (C:\Users\mdaybar\AppData\Roaming\npm\node_modules\firebase-tools\lib\error.js:9:18)
    at Request._callback (C:\Users\mdaybar\AppData\Roaming\npm\node_modules\firebase-tools\lib\api.js:30:31)
    at self.callback (C:\Users\mdaybar\AppData\Roaming\npm\node_modules\firebase-tools\node_modules\request\request.js:185:22)
    at Request.emit (events.js:182:13)
    at Request.EventEmitter.emit (domain.js:442:20)
    at Request.onRequestError (C:\Users\mdaybar\AppData\Roaming\npm\node_modules\firebase-tools\node_modules\request\request.js:881:8)
    at ClientRequest.emit (events.js:182:13)
    at ClientRequest.EventEmitter.emit (domain.js:442:20)
    at ClientRequest.onError (C:\Users\mdaybar\AppData\Roaming\npm\node_modules\firebase-tools\node_modules\tunnel-agent\index.js:179:21)
    at Object.onceWrapper (events.js:273:13)
[debug] [2019-05-24T20:46:58.916Z] >>> HTTP REQUEST POST https://accounts.google.com/o/oauth2/token  

[debug] [2019-05-24T20:47:01.174Z] Token Fetch Error: Error
    at new FirebaseError (C:\Users\mdaybar\AppData\Roaming\npm\node_modules\firebase-tools\lib\error.js:9:18)
    at Request._callback (C:\Users\mdaybar\AppData\Roaming\npm\node_modules\firebase-tools\lib\api.js:30:31)
    at self.callback (C:\Users\mdaybar\AppData\Roaming\npm\node_modules\firebase-tools\node_modules\request\request.js:185:22)
    at Request.emit (events.js:182:13)
    at Request.EventEmitter.emit (domain.js:442:20)
    at Request.onRequestError (C:\Users\mdaybar\AppData\Roaming\npm\node_modules\firebase-tools\node_modules\request\request.js:881:8)
    at ClientRequest.emit (events.js:182:13)
    at ClientRequest.EventEmitter.emit (domain.js:442:20)
    at ClientRequest.onError (C:\Users\mdaybar\AppData\Roaming\npm\node_modules\firebase-tools\node_modules\tunnel-agent\index.js:179:21)
    at Object.onceWrapper (events.js:273:13)
[debug] [2019-05-24T20:47:12.752Z] ----------------------------------------------------------------------
[debug] [2019-05-24T20:47:12.754Z] Command:       C:\Program Files\nodejs\node.exe C:\Users\mdaybar\AppData\Roaming\npm\node_modules\firebase-tools\lib\bin\firebase.js login
[debug] [2019-05-24T20:47:12.755Z] CLI Version:   6.10.0
[debug] [2019-05-24T20:47:12.755Z] Platform:      win32
[debug] [2019-05-24T20:47:12.755Z] Node Version:  v10.13.0
[debug] [2019-05-24T20:47:12.758Z] Time:          Fri May 24 2019 16:47:12 GMT-0400 (Bolivia Time)
[debug] [2019-05-24T20:47:12.758Z] ----------------------------------------------------------------------
[debug] 
[info] 
[info] Visit this URL on any device to log in:
[info] https://accounts.google.com/o/oauth2/auth?client_id=563584335869-fgrhgmd47bqnekij5i8b5pr03ho849e6.apps.googleusercontent.com&scope=email%20openid%20https%3A%2F%2Fwww.googleapis.com%2Fauth%2Fcloudplatformprojects.readonly%20https%3A%2F%2Fwww.googleapis.com%2Fauth%2Ffirebase%20https%3A%2F%2Fwww.googleapis.com%2Fauth%2Fcloud-platform&response_type=code&state=237514613&redirect_uri=http%3A%2F%2Flocalhost%3A9005
[info] 
[info] Waiting for authentication...
[debug] [2019-05-24T20:47:24.405Z] >>> HTTP REQUEST POST https://accounts.google.com/o/oauth2/token  

[debug] [2019-05-24T20:47:26.667Z] Token Fetch Error: Error
    at new FirebaseError (C:\Users\mdaybar\AppData\Roaming\npm\node_modules\firebase-tools\lib\error.js:9:18)
    at Request._callback (C:\Users\mdaybar\AppData\Roaming\npm\node_modules\firebase-tools\lib\api.js:30:31)
    at self.callback (C:\Users\mdaybar\AppData\Roaming\npm\node_modules\firebase-tools\node_modules\request\request.js:185:22)
    at Request.emit (events.js:182:13)
    at Request.EventEmitter.emit (domain.js:442:20)
    at Request.onRequestError (C:\Users\mdaybar\AppData\Roaming\npm\node_modules\firebase-tools\node_modules\request\request.js:881:8)
    at ClientRequest.emit (events.js:182:13)
    at ClientRequest.EventEmitter.emit (domain.js:442:20)
    at ClientRequest.onError (C:\Users\mdaybar\AppData\Roaming\npm\node_modules\firebase-tools\node_modules\tunnel-agent\index.js:179:21)
    at Object.onceWrapper (events.js:273:13)
[debug] [2019-05-24T20:48:05.423Z] ----------------------------------------------------------------------
[debug] [2019-05-24T20:48:05.426Z] Command:       C:\Program Files\nodejs\node.exe C:\Users\mdaybar\AppData\Roaming\npm\node_modules\firebase-tools\lib\bin\firebase.js login
[debug] [2019-05-24T20:48:05.426Z] CLI Version:   6.10.0
[debug] [2019-05-24T20:48:05.426Z] Platform:      win32
[debug] [2019-05-24T20:48:05.426Z] Node Version:  v10.13.0
[debug] [2019-05-24T20:48:05.429Z] Time:          Fri May 24 2019 16:48:05 GMT-0400 (Bolivia Time)
[debug] [2019-05-24T20:48:05.429Z] ----------------------------------------------------------------------
[debug] 
[info] 
[info] Visit this URL on any device to log in:
[info] https://accounts.google.com/o/oauth2/auth?client_id=563584335869-fgrhgmd47bqnekij5i8b5pr03ho849e6.apps.googleusercontent.com&scope=email%20openid%20https%3A%2F%2Fwww.googleapis.com%2Fauth%2Fcloudplatformprojects.readonly%20https%3A%2F%2Fwww.googleapis.com%2Fauth%2Ffirebase%20https%3A%2F%2Fwww.googleapis.com%2Fauth%2Fcloud-platform&response_type=code&state=44234915&redirect_uri=http%3A%2F%2Flocalhost%3A9005
[info] 
[info] Waiting for authentication...
[debug] [2019-05-24T20:48:17.605Z] >>> HTTP REQUEST POST https://accounts.google.com/o/oauth2/token  

[debug] [2019-05-24T20:48:19.878Z] Token Fetch Error: Error
    at new FirebaseError (C:\Users\mdaybar\AppData\Roaming\npm\node_modules\firebase-tools\lib\error.js:9:18)
    at Request._callback (C:\Users\mdaybar\AppData\Roaming\npm\node_modules\firebase-tools\lib\api.js:30:31)
    at self.callback (C:\Users\mdaybar\AppData\Roaming\npm\node_modules\firebase-tools\node_modules\request\request.js:185:22)
    at Request.emit (events.js:182:13)
    at Request.EventEmitter.emit (domain.js:442:20)
    at Request.onRequestError (C:\Users\mdaybar\AppData\Roaming\npm\node_modules\firebase-tools\node_modules\request\request.js:881:8)
    at ClientRequest.emit (events.js:182:13)
    at ClientRequest.EventEmitter.emit (domain.js:442:20)
    at ClientRequest.onError (C:\Users\mdaybar\AppData\Roaming\npm\node_modules\firebase-tools\node_modules\tunnel-agent\index.js:179:21)
    at Object.onceWrapper (events.js:273:13)
[debug] [2019-05-24T20:49:59.691Z] ----------------------------------------------------------------------
[debug] [2019-05-24T20:49:59.694Z] Command:       C:\Program Files\nodejs\node.exe C:\Users\mdaybar\AppData\Roaming\npm\node_modules\firebase-tools\lib\bin\firebase.js login
[debug] [2019-05-24T20:49:59.694Z] CLI Version:   6.10.0
[debug] [2019-05-24T20:49:59.694Z] Platform:      win32
[debug] [2019-05-24T20:49:59.694Z] Node Version:  v10.13.0
[debug] [2019-05-24T20:49:59.699Z] Time:          Fri May 24 2019 16:49:59 GMT-0400 (Bolivia Time)
[debug] [2019-05-24T20:49:59.699Z] ----------------------------------------------------------------------
[debug] 
[info] 
[info] Visit this URL on any device to log in:
[info] https://accounts.google.com/o/oauth2/auth?client_id=563584335869-fgrhgmd47bqnekij5i8b5pr03ho849e6.apps.googleusercontent.com&scope=email%20openid%20https%3A%2F%2Fwww.googleapis.com%2Fauth%2Fcloudplatformprojects.readonly%20https%3A%2F%2Fwww.googleapis.com%2Fauth%2Ffirebase%20https%3A%2F%2Fwww.googleapis.com%2Fauth%2Fcloud-platform&response_type=code&state=350122958&redirect_uri=http%3A%2F%2Flocalhost%3A9005
[info] 
[info] Waiting for authentication...
[debug] [2019-05-24T20:50:16.022Z] >>> HTTP REQUEST POST https://accounts.google.com/o/oauth2/token  

[debug] [2019-05-24T20:50:18.284Z] Token Fetch Error: Error
    at new FirebaseError (C:\Users\mdaybar\AppData\Roaming\npm\node_modules\firebase-tools\lib\error.js:9:18)
    at Request._callback (C:\Users\mdaybar\AppData\Roaming\npm\node_modules\firebase-tools\lib\api.js:30:31)
    at self.callback (C:\Users\mdaybar\AppData\Roaming\npm\node_modules\firebase-tools\node_modules\request\request.js:185:22)
    at Request.emit (events.js:182:13)
    at Request.EventEmitter.emit (domain.js:442:20)
    at Request.onRequestError (C:\Users\mdaybar\AppData\Roaming\npm\node_modules\firebase-tools\node_modules\request\request.js:881:8)
    at ClientRequest.emit (events.js:182:13)
    at ClientRequest.EventEmitter.emit (domain.js:442:20)
    at ClientRequest.onError (C:\Users\mdaybar\AppData\Roaming\npm\node_modules\firebase-tools\node_modules\tunnel-agent\index.js:179:21)
    at Object.onceWrapper (events.js:273:13)
[debug] [2019-05-24T20:50:56.726Z] ----------------------------------------------------------------------
[debug] [2019-05-24T20:50:56.730Z] Command:       C:\Program Files\nodejs\node.exe C:\Users\mdaybar\AppData\Roaming\npm\node_modules\firebase-tools\lib\bin\firebase.js login
[debug] [2019-05-24T20:50:56.730Z] CLI Version:   6.10.0
[debug] [2019-05-24T20:50:56.730Z] Platform:      win32
[debug] [2019-05-24T20:50:56.730Z] Node Version:  v10.13.0
[debug] [2019-05-24T20:50:56.733Z] Time:          Fri May 24 2019 16:50:56 GMT-0400 (Bolivia Time)
[debug] [2019-05-24T20:50:56.733Z] ----------------------------------------------------------------------
[debug] 
[info] 
[info] Visit this URL on any device to log in:
[info] https://accounts.google.com/o/oauth2/auth?client_id=563584335869-fgrhgmd47bqnekij5i8b5pr03ho849e6.apps.googleusercontent.com&scope=email%20openid%20https%3A%2F%2Fwww.googleapis.com%2Fauth%2Fcloudplatformprojects.readonly%20https%3A%2F%2Fwww.googleapis.com%2Fauth%2Ffirebase%20https%3A%2F%2Fwww.googleapis.com%2Fauth%2Fcloud-platform&response_type=code&state=365872495&redirect_uri=http%3A%2F%2Flocalhost%3A9005
[info] 
[info] Waiting for authentication...
[debug] [2019-05-24T20:51:38.904Z] >>> HTTP REQUEST POST https://accounts.google.com/o/oauth2/token  

[debug] [2019-05-24T20:51:41.166Z] Token Fetch Error: Error
    at new FirebaseError (C:\Users\mdaybar\AppData\Roaming\npm\node_modules\firebase-tools\lib\error.js:9:18)
    at Request._callback (C:\Users\mdaybar\AppData\Roaming\npm\node_modules\firebase-tools\lib\api.js:30:31)
    at self.callback (C:\Users\mdaybar\AppData\Roaming\npm\node_modules\firebase-tools\node_modules\request\request.js:185:22)
    at Request.emit (events.js:182:13)
    at Request.EventEmitter.emit (domain.js:442:20)
    at Request.onRequestError (C:\Users\mdaybar\AppData\Roaming\npm\node_modules\firebase-tools\node_modules\request\request.js:881:8)
    at ClientRequest.emit (events.js:182:13)
    at ClientRequest.EventEmitter.emit (domain.js:442:20)
    at ClientRequest.onError (C:\Users\mdaybar\AppData\Roaming\npm\node_modules\firebase-tools\node_modules\tunnel-agent\index.js:179:21)
    at Object.onceWrapper (events.js:273:13)
